#
# A fatal error has been detected by the Java Runtime Environment:
#
#  SIGBUS (0xa) at pc=0x00000001067c10b7, pid=8612, tid=22283
#
# JRE version: Java(TM) SE Runtime Environment (7.0_71-b14) (build 1.7.0_71-b14)
# Java VM: Java HotSpot(TM) 64-Bit Server VM (24.71-b01 mixed mode bsd-amd64 compressed oops)
# Problematic frame:
# C  [libzip.dylib+0x30b7]  newEntry+0x154
#
# Failed to write core dump. Core dumps have been disabled. To enable core dumping, try "ulimit -c unlimited" before starting Java again
#
# If you would like to submit a bug report, please visit:
#   http://bugreport.sun.com/bugreport/crash.jsp
# The crash happened outside the Java Virtual Machine in native code.
# See problematic frame for where to report the bug.
#

---------------  T H R E A D  ---------------

Current thread (0x00007f892261f800):  JavaThread "Daemon worker Thread 3" [_thread_in_native, id=22283, stack(0x0000000111e75000,0x0000000111f75000)]

siginfo:si_signo=SIGBUS: si_errno=0, si_code=2 (BUS_ADRERR), si_addr=0x00000001113b74f2

Registers:
RAX=0x00007f8921e1c3f0, RBX=0x00000001113b74e6, RCX=0x00000000ffffff01, RDX=0x0000000000000008
RSP=0x0000000111f724d0, RBP=0x0000000111f72530, RSI=0x0000000000000048, RDI=0x000000010656ae00
R8 =0x0000000000000064, R9 =0x0000000000000a60, R10=0x0000000107acd218, R11=0xfffffff91ec1b24e
R12=0x0000000000000020, R13=0x00007f8921e1c5a0, R14=0x00007f8921e1c3f0, R15=0x00007f89240dac80
RIP=0x00000001067c10b7, EFLAGS=0x0000000000010202, ERR=0x0000000000000004
  TRAPNO=0x000000000000000e

Top of Stack: (sp=0x0000000111f724d0)
0x0000000111f724d0:   00007f8921f0ca70 0000000021f0c940
0x0000000111f724e0:   0000000111f72500 0000000107327df9
0x0000000111f724f0:   0000000111f72510 00007f8921e1c3f0
0x0000000111f72500:   00007f8921d43060 00000000a10ad464
0x0000000111f72510:   0000000000000020 00007f8921e1c5a0
0x0000000111f72520:   00007f8921e1c3f0 00007f89240dac80
0x0000000111f72530:   0000000111f72580 00000001067c1725
0x0000000111f72540:   0000000000000013 000000132261f800
0x0000000111f72550:   0000000111f7259e 0000000111f729e8
0x0000000111f72560:   0000000000000013 0000000111f7259e
0x0000000111f72570:   00007f8921e1c3f0 00007f892261f9e8
0x0000000111f72580:   0000000111f729d0 00000001067c0570
0x0000000111f72590:   0000000700000000 6564000700000001
0x0000000111f725a0:   6d692d746c756166 78742e7374726f70
0x0000000111f725b0:   0000000000000074 00000001b399a708
0x0000000111f725c0:   0000000100000000 0000000100000000
0x0000000111f725d0:   0000000100000000 0000000700000000
0x0000000111f725e0:   0000000700000000 0000000100000000
0x0000000111f725f0:   00000007b391ede8 00000001b38e6e68
0x0000000111f72600:   00000007b015d0c0 00000007b39b9240
0x0000000111f72610:   0000000700000048 0000000000000000
0x0000000111f72620:   00000001b38e6e68 0000000111f72698
0x0000000111f72630:   0000000100000000 0000000000000000
0x0000000111f72640:   0000000000000000 0000000700000000
0x0000000111f72650:   0000000700000000 0000000100000000
0x0000000111f72660:   00000007b38c1e80 0000000111f726e0
0x0000000111f72670:   0000000700000000 00000007b2eb8678
0x0000000111f72680:   0000000700000000 0000000000000000
0x0000000111f72690:   0000000100000000 0000000100000000
0x0000000111f726a0:   0000000100000000 0000000700000000
0x0000000111f726b0:   0000000700000000 0000000700000000
0x0000000111f726c0:   0000000000000000 0000000700000000 

Instructions: (pc=0x00000001067c10b7)
0x00000001067c1097:   49 8b 7f 38 e8 9c 1a 00 00 4d 89 77 38 49 89 5f
0x00000001067c10a7:   40 4c 89 f0 48 85 c0 0f 84 16 05 00 00 48 89 c3
0x00000001067c10b7:   0f b6 43 0c 0f b6 4b 0d 48 c1 e1 08 48 01 c1 0f
0x00000001067c10c7:   b6 43 0e 0f b6 53 0f 48 c1 e2 08 48 01 c2 48 c1 

Register to memory mapping:

RAX=0x00007f8921e1c3f0 is an unknown value
RBX=0x00000001113b74e6 is an unknown value
RCX=0x00000000ffffff01 is an unknown value
RDX=0x0000000000000008 is an unknown value
RSP=0x0000000111f724d0 is pointing into the stack for thread: 0x00007f892261f800
RBP=0x0000000111f72530 is pointing into the stack for thread: 0x00007f892261f800
RSI=0x0000000000000048 is an unknown value
RDI=0x000000010656ae00 is an unknown value
R8 =0x0000000000000064 is an unknown value
R9 =0x0000000000000a60 is an unknown value
R10=0x0000000107acd218 is at entry_point+88 in (nmethod*)0x0000000107acd050
R11=0xfffffff91ec1b24e is an unknown value
R12=0x0000000000000020 is an unknown value
R13=0x00007f8921e1c5a0 is an unknown value
R14=0x00007f8921e1c3f0 is an unknown value
R15=0x00007f89240dac80 is an unknown value


Stack: [0x0000000111e75000,0x0000000111f75000],  sp=0x0000000111f724d0,  free space=1013k
Native frames: (J=compiled Java code, j=interpreted, Vv=VM code, C=native code)
C  [libzip.dylib+0x30b7]  newEntry+0x154
C  [libzip.dylib+0x3725]  ZIP_GetEntry+0xa2
C  [libzip.dylib+0x2570]  Java_java_util_zip_ZipFile_getEntry+0xdd
J 71  java.util.zip.ZipFile.getEntry(J[BZ)J (0 bytes) @ 0x0000000107acd28e [0x0000000107acd1c0+0xce]

Java frames: (J=compiled Java code, j=interpreted, Vv=VM code)
J 71  java.util.zip.ZipFile.getEntry(J[BZ)J (0 bytes) @ 0x0000000107acd218 [0x0000000107acd1c0+0x58]
J 200 C2 java.util.jar.JarFile.getEntry(Ljava/lang/String;)Ljava/util/zip/ZipEntry; (22 bytes) @ 0x0000000107b36f68 [0x0000000107b36c20+0x348]
J 333 C2 sun.misc.URLClassPath$JarLoader.getResource(Ljava/lang/String;Z)Lsun/misc/Resource; (91 bytes) @ 0x0000000107c61434 [0x0000000107c612e0+0x154]
J 1210 C2 java.net.URLClassLoader$2.run()Ljava/lang/Object; (5 bytes) @ 0x0000000107e316e4 [0x0000000107e31640+0xa4]
v  ~StubRoutines::call_stub
J 1212  java.security.AccessController.doPrivileged(Ljava/security/PrivilegedAction;Ljava/security/AccessControlContext;)Ljava/lang/Object; (0 bytes) @ 0x0000000107f24ce3 [0x0000000107f24c80+0x63]
J 1208 C2 java.net.URLClassLoader.findResource(Ljava/lang/String;)Ljava/net/URL; (37 bytes) @ 0x0000000107e33558 [0x0000000107e334c0+0x98]
J 884 C2 java.lang.ClassLoader.getResource(Ljava/lang/String;)Ljava/net/URL; (36 bytes) @ 0x0000000107e3a690 [0x0000000107e3a620+0x70]
j  java.lang.Class.getResource(Ljava/lang/String;)Ljava/net/URL;+22
j  org.gradle.configuration.ImportsReader.getImports()Ljava/lang/String;+13
j  org.gradle.configuration.ImportsScriptSource$ImportsResource.getText()Ljava/lang/String;+62
j  org.gradle.internal.resource.CachingResource.maybeFetch()V+12
j  org.gradle.internal.resource.CachingResource.getText()Ljava/lang/String;+1
j  org.gradle.groovy.scripts.internal.ShortCircuitEmptyScriptCompiler.compile(Lorg/gradle/groovy/scripts/ScriptSource;Ljava/lang/ClassLoader;Lorg/gradle/groovy/scripts/Transformer;Ljava/lang/Class;Lorg/codehaus/groovy/classgen/Verifier;)Ljava/lang/Class;+6
j  org.gradle.groovy.scripts.internal.CachingScriptClassCompiler.compile(Lorg/gradle/groovy/scripts/ScriptSource;Ljava/lang/ClassLoader;Lorg/gradle/groovy/scripts/Transformer;Ljava/lang/Class;Lorg/codehaus/groovy/classgen/Verifier;)Ljava/lang/Class;+71
j  org.gradle.groovy.scripts.DefaultScriptCompilerFactory$ScriptCompilerImpl.compile(Ljava/lang/Class;)Lorg/gradle/groovy/scripts/ScriptRunner;+24
j  org.gradle.configuration.DefaultScriptPluginFactory$ScriptPluginImpl.apply(Ljava/lang/Object;)V+257
j  org.gradle.configuration.DefaultInitScriptProcessor.process(Lorg/gradle/groovy/scripts/ScriptSource;Lorg/gradle/api/internal/GradleInternal;)V+55
j  org.gradle.initialization.InitScriptHandler.executeScripts(Lorg/gradle/api/internal/GradleInternal;)V+49
j  org.gradle.initialization.DefaultGradleLauncher.doBuildStages(Lorg/gradle/initialization/DefaultGradleLauncher$Stage;)V+8
j  org.gradle.initialization.DefaultGradleLauncher.doBuild(Lorg/gradle/initialization/DefaultGradleLauncher$Stage;)Lorg/gradle/BuildResult;+27
j  org.gradle.initialization.DefaultGradleLauncher.getBuildAnalysis()Lorg/gradle/BuildResult;+4
j  org.gradle.launcher.exec.InProcessBuildActionExecuter$DefaultBuildController.configure()Lorg/gradle/api/internal/GradleInternal;+5
j  org.gradle.tooling.internal.provider.ClientProvidedBuildAction.run(Lorg/gradle/initialization/BuildController;)Lorg/gradle/tooling/internal/provider/BuildActionResult;+39
j  org.gradle.tooling.internal.provider.ClientProvidedBuildAction.run(Lorg/gradle/initialization/BuildController;)Ljava/lang/Object;+2
j  org.gradle.tooling.internal.provider.ConfiguringBuildAction.run(Lorg/gradle/initialization/BuildController;)Ljava/lang/Object;+15
j  org.gradle.launcher.exec.InProcessBuildActionExecuter.execute(Lorg/gradle/initialization/BuildAction;Lorg/gradle/initialization/BuildCancellationToken;Lorg/gradle/launcher/exec/BuildActionParameters;)Ljava/lang/Object;+19
j  org.gradle.launcher.exec.InProcessBuildActionExecuter.execute(Lorg/gradle/initialization/BuildAction;Lorg/gradle/initialization/BuildCancellationToken;Ljava/lang/Object;)Ljava/lang/Object;+7
j  org.gradle.launcher.daemon.server.exec.ExecuteBuild.doBuild(Lorg/gradle/launcher/daemon/server/exec/DaemonCommandExecution;Lorg/gradle/launcher/daemon/protocol/Build;)V+47
j  org.gradle.launcher.daemon.server.exec.BuildCommandOnly.execute(Lorg/gradle/launcher/daemon/server/exec/DaemonCommandExecution;)V+49
j  org.gradle.launcher.daemon.server.exec.DaemonCommandExecution.proceed()Z+28
j  org.gradle.launcher.daemon.server.exec.WatchForDisconnection.execute(Lorg/gradle/launcher/daemon/server/exec/DaemonCommandExecution;)V+19
j  org.gradle.launcher.daemon.server.exec.DaemonCommandExecution.proceed()Z+28
j  org.gradle.launcher.daemon.server.exec.ResetDeprecationLogger.execute(Lorg/gradle/launcher/daemon/server/exec/DaemonCommandExecution;)V+4
j  org.gradle.launcher.daemon.server.exec.DaemonCommandExecution.proceed()Z+28
j  org.gradle.launcher.daemon.server.exec.StartStopIfBuildAndStop.execute(Lorg/gradle/launcher/daemon/server/exec/DaemonCommandExecution;)V+34
j  org.gradle.launcher.daemon.server.exec.DaemonCommandExecution.proceed()Z+28
j  org.gradle.launcher.daemon.server.exec.ForwardClientInput$2.call()Ljava/lang/Void;+4
j  org.gradle.launcher.daemon.server.exec.ForwardClientInput$2.call()Ljava/lang/Object;+1
j  org.gradle.util.Swapper.swap(Ljava/lang/Object;Ljava/util/concurrent/Callable;)Ljava/lang/Object;+21
j  org.gradle.launcher.daemon.server.exec.ForwardClientInput.execute(Lorg/gradle/launcher/daemon/server/exec/DaemonCommandExecution;)V+63
j  org.gradle.launcher.daemon.server.exec.DaemonCommandExecution.proceed()Z+28
j  org.gradle.launcher.daemon.server.exec.LogToClient.doBuild(Lorg/gradle/launcher/daemon/server/exec/DaemonCommandExecution;Lorg/gradle/launcher/daemon/protocol/Build;)V+92
j  org.gradle.launcher.daemon.server.exec.BuildCommandOnly.execute(Lorg/gradle/launcher/daemon/server/exec/DaemonCommandExecution;)V+49
j  org.gradle.launcher.daemon.server.exec.DaemonCommandExecution.proceed()Z+28
j  org.gradle.launcher.daemon.server.exec.EstablishBuildEnvironment.doBuild(Lorg/gradle/launcher/daemon/server/exec/DaemonCommandExecution;Lorg/gradle/launcher/daemon/protocol/Build;)V+237
j  org.gradle.launcher.daemon.server.exec.BuildCommandOnly.execute(Lorg/gradle/launcher/daemon/server/exec/DaemonCommandExecution;)V+49
j  org.gradle.launcher.daemon.server.exec.DaemonCommandExecution.proceed()Z+28
j  org.gradle.launcher.daemon.server.exec.DaemonHygieneAction.execute(Lorg/gradle/launcher/daemon/server/exec/DaemonCommandExecution;)V+1
j  org.gradle.launcher.daemon.server.exec.DaemonCommandExecution.proceed()Z+28
j  org.gradle.launcher.daemon.server.exec.StartBuildOrRespondWithBusy$1.run()V+44
j  org.gradle.launcher.daemon.server.DaemonStateCoordinator$1.run()V+4
j  org.gradle.internal.concurrent.DefaultExecutorFactory$StoppableExecutorImpl$1.run()V+18
j  java.util.concurrent.ThreadPoolExecutor.runWorker(Ljava/util/concurrent/ThreadPoolExecutor$Worker;)V+95
j  java.util.concurrent.ThreadPoolExecutor$Worker.run()V+5
j  java.lang.Thread.run()V+11
v  ~StubRoutines::call_stub

---------------  P R O C E S S  ---------------

Java Threads: ( => current thread )
  0x00007f8924aec000 JavaThread "Stdin handler" [_thread_blocked, id=19731, stack(0x000000011271d000,0x000000011281d000)]
=>0x00007f892261f800 JavaThread "Daemon worker Thread 3" [_thread_in_native, id=22283, stack(0x0000000111e75000,0x0000000111f75000)]
  0x00007f892261f000 JavaThread "Cancel handler" [_thread_blocked, id=20747, stack(0x0000000111d72000,0x0000000111e72000)]
  0x00007f892215e800 JavaThread "Handler for socket connection from /127.0.0.1:52212 to /127.0.0.1:52353" [_thread_in_native, id=12055, stack(0x0000000111c6f000,0x0000000111d6f000)]
  0x00007f8924c5f800 JavaThread "Daemon Thread 3" [_thread_blocked, id=19219, stack(0x0000000111ae0000,0x0000000111be0000)]
  0x00007f8923bf7800 JavaThread "File lock request listener" [_thread_in_native, id=21763, stack(0x0000000112059000,0x0000000112159000)]
  0x00007f89231d5000 JavaThread "Incoming local TCP Connector on port 52212" [_thread_in_native, id=18691, stack(0x00000001119dd000,0x0000000111add000)]
  0x00007f8922017000 JavaThread "Service Thread" daemon [_thread_blocked, id=17667, stack(0x0000000110fd1000,0x00000001110d1000)]
  0x00007f8923821000 JavaThread "C2 CompilerThread1" daemon [_thread_blocked, id=17155, stack(0x0000000110ece000,0x0000000110fce000)]
  0x00007f892381d800 JavaThread "C2 CompilerThread0" daemon [_thread_blocked, id=16643, stack(0x0000000110dcb000,0x0000000110ecb000)]
  0x00007f8922812800 JavaThread "Signal Dispatcher" daemon [_thread_blocked, id=13583, stack(0x0000000110cc8000,0x0000000110dc8000)]
  0x00007f892204d000 JavaThread "Finalizer" daemon [_thread_blocked, id=11523, stack(0x000000010f2c2000,0x000000010f3c2000)]
  0x00007f8923806800 JavaThread "Reference Handler" daemon [_thread_blocked, id=11011, stack(0x000000010f1bf000,0x000000010f2bf000)]
  0x00007f892200c000 JavaThread "main" [_thread_blocked, id=4867, stack(0x0000000106675000,0x0000000106775000)]

Other Threads:
  0x00007f8922807800 VMThread [stack: 0x000000010f0bc000,0x000000010f1bc000] [id=10499]
  0x00007f892204d800 WatcherThread [stack: 0x00000001110d4000,0x00000001111d4000] [id=18179]

VM state:not at safepoint (normal execution)

VM Mutex/Monitor currently owned by a thread: None

Heap
 PSYoungGen      total 302592K, used 167953K [0x00000007eaa80000, 0x0000000800000000, 0x0000000800000000)
  eden space 275968K, 51% used [0x00000007eaa80000,0x00000007f3484fc0,0x00000007fb800000)
  from space 26624K, 99% used [0x00000007fe600000,0x00000007fffff4c8,0x0000000800000000)
  to   space 36864K, 0% used [0x00000007fb800000,0x00000007fb800000,0x00000007fdc00000)
 ParOldGen       total 87040K, used 62035K [0x00000007c0000000, 0x00000007c5500000, 0x00000007eaa80000)
  object space 87040K, 71% used [0x00000007c0000000,0x00000007c3c94d78,0x00000007c5500000)
 PSPermGen       total 86528K, used 60527K [0x00000007b0000000, 0x00000007b5480000, 0x00000007c0000000)
  object space 86528K, 69% used [0x00000007b0000000,0x00000007b3b1bcc8,0x00000007b5480000)

Card table byte_map: [0x000000010ab20000,0x000000010ada1000] byte_map_base: 0x0000000106da0000

Polling page: 0x00000001067b4000

Code Cache  [0x0000000107a60000, 0x0000000108080000, 0x000000010aa60000)
 total_blobs=2070 nmethods=1441 adapters=582 free_code_cache=43099Kb largest_free_block=43973888

Compilation events (10 events):
Event: 998.355 Thread 0x00007f8923821000 1574             java.io.PrintStream::ensureOpen (18 bytes)
Event: 998.356 Thread 0x00007f8923821000 nmethod 1574 0x0000000107d61290 code [0x0000000107d613e0, 0x0000000107d614c8]
Event: 998.391 Thread 0x00007f892381d800 1575             java.security.MessageDigest$Delegate::engineUpdate (11 bytes)
Event: 998.391 Thread 0x00007f892381d800 nmethod 1575 0x0000000107d61010 code [0x0000000107d61160, 0x0000000107d611f8]
Event: 998.397 Thread 0x00007f8923821000 1576             java.util.HashMap$Values::size (8 bytes)
Event: 998.397 Thread 0x00007f8923821000 nmethod 1576 0x0000000107d60dd0 code [0x0000000107d60f00, 0x0000000107d60f78]
Event: 998.501 Thread 0x00007f8923821000 1577   !         org.gradle.internal.hash.HashUtil::createHash (78 bytes)
Event: 998.512 Thread 0x00007f8923821000 nmethod 1577 0x0000000107d61a50 code [0x0000000107d61c40, 0x0000000107d62530]
Event: 998.523 Thread 0x00007f892381d800 1578             java.lang.NoSuchFieldException::<init> (6 bytes)
Event: 998.525 Thread 0x00007f892381d800 nmethod 1578 0x0000000107d60750 code [0x0000000107d608a0, 0x0000000107d60c48]

GC Heap History (10 events):
Event: 20.014 GC heap before
{Heap before GC invocations=9 (full 0):
 PSYoungGen      total 276992K, used 276976K [0x00000007eaa80000, 0x00000007fca80000, 0x0000000800000000)
  eden space 266752K, 100% used [0x00000007eaa80000,0x00000007faf00000,0x00000007faf00000)
  from space 10240K, 99% used [0x00000007fbb80000,0x00000007fc57c020,0x00000007fc580000)
  to   space 12800K, 0% used [0x00000007faf00000,0x00000007faf00000,0x00000007fbb80000)
 ParOldGen       total 87040K, used 14562K [0x00000007c0000000, 0x00000007c5500000, 0x00000007eaa80000)
  object space 87040K, 16% used [0x00000007c0000000,0x00000007c0e388d8,0x00000007c5500000)
 PSPermGen       total 41984K, used 41962K [0x00000007b0000000, 0x00000007b2900000, 0x00000007c0000000)
  object space 41984K, 99% used [0x00000007b0000000,0x00000007b28fabf8,0x00000007b2900000)
Event: 20.098 GC heap after
Heap after GC invocations=9 (full 0):
 PSYoungGen      total 279552K, used 12800K [0x00000007eaa80000, 0x0000000800000000, 0x0000000800000000)
  eden space 266752K, 0% used [0x00000007eaa80000,0x00000007eaa80000,0x00000007faf00000)
  from space 12800K, 100% used [0x00000007faf00000,0x00000007fbb80000,0x00000007fbb80000)
  to   space 25088K, 0% used [0x00000007fe780000,0x00000007fe780000,0x0000000800000000)
 ParOldGen       total 87040K, used 41463K [0x00000007c0000000, 0x00000007c5500000, 0x00000007eaa80000)
  object space 87040K, 47% used [0x00000007c0000000,0x00000007c287de18,0x00000007c5500000)
 PSPermGen       total 41984K, used 41962K [0x00000007b0000000, 0x00000007b2900000, 0x00000007c0000000)
  object space 41984K, 99% used [0x00000007b0000000,0x00000007b28fabf8,0x00000007b2900000)
}
Event: 20.560 GC heap before
{Heap before GC invocations=10 (full 0):
 PSYoungGen      total 279552K, used 36778K [0x00000007eaa80000, 0x0000000800000000, 0x0000000800000000)
  eden space 266752K, 8% used [0x00000007eaa80000,0x00000007ec1ea880,0x00000007faf00000)
  from space 12800K, 100% used [0x00000007faf00000,0x00000007fbb80000,0x00000007fbb80000)
  to   space 25088K, 0% used [0x00000007fe780000,0x00000007fe780000,0x0000000800000000)
 ParOldGen       total 87040K, used 41463K [0x00000007c0000000, 0x00000007c5500000, 0x00000007eaa80000)
  object space 87040K, 47% used [0x00000007c0000000,0x00000007c287de18,0x00000007c5500000)
 PSPermGen       total 43520K, used 43134K [0x00000007b0000000, 0x00000007b2a80000, 0x00000007c0000000)
  object space 43520K, 99% used [0x00000007b0000000,0x00000007b2a1fb80,0x00000007b2a80000)
Event: 20.593 GC heap after
Heap after GC invocations=10 (full 0):
 PSYoungGen      total 325120K, used 13413K [0x00000007eaa80000, 0x0000000800000000, 0x0000000800000000)
  eden space 300032K, 0% used [0x00000007eaa80000,0x00000007eaa80000,0x00000007fcf80000)
  from space 25088K, 53% used [0x00000007fe780000,0x00000007ff499778,0x0000000800000000)
  to   space 24576K, 0% used [0x00000007fcf80000,0x00000007fcf80000,0x00000007fe780000)
 ParOldGen       total 87040K, used 43467K [0x00000007c0000000, 0x00000007c5500000, 0x00000007eaa80000)
  object space 87040K, 49% used [0x00000007c0000000,0x00000007c2a72ea8,0x00000007c5500000)
 PSPermGen       total 43520K, used 43134K [0x00000007b0000000, 0x00000007b2a80000, 0x00000007c0000000)
  object space 43520K, 99% used [0x00000007b0000000,0x00000007b2a1fb80,0x00000007b2a80000)
}
Event: 20.593 GC heap before
{Heap before GC invocations=11 (full 1):
 PSYoungGen      total 325120K, used 13413K [0x00000007eaa80000, 0x0000000800000000, 0x0000000800000000)
  eden space 300032K, 0% used [0x00000007eaa80000,0x00000007eaa80000,0x00000007fcf80000)
  from space 25088K, 53% used [0x00000007fe780000,0x00000007ff499778,0x0000000800000000)
  to   space 24576K, 0% used [0x00000007fcf80000,0x00000007fcf80000,0x00000007fe780000)
 ParOldGen       total 87040K, used 43467K [0x00000007c0000000, 0x00000007c5500000, 0x00000007eaa80000)
  object space 87040K, 49% used [0x00000007c0000000,0x00000007c2a72ea8,0x00000007c5500000)
 PSPermGen       total 43520K, used 43134K [0x00000007b0000000, 0x00000007b2a80000, 0x00000007c0000000)
  object space 43520K, 99% used [0x00000007b0000000,0x00000007b2a1fb80,0x00000007b2a80000)
Event: 21.087 GC heap after
Heap after GC invocations=11 (full 1):
 PSYoungGen      total 325120K, used 0K [0x00000007eaa80000, 0x0000000800000000, 0x0000000800000000)
  eden space 300032K, 0% used [0x00000007eaa80000,0x00000007eaa80000,0x00000007fcf80000)
  from space 25088K, 0% used [0x00000007fe780000,0x00000007fe780000,0x0000000800000000)
  to   space 24576K, 0% used [0x00000007fcf80000,0x00000007fcf80000,0x00000007fe780000)
 ParOldGen       total 87040K, used 46093K [0x00000007c0000000, 0x00000007c5500000, 0x00000007eaa80000)
  object space 87040K, 52% used [0x00000007c0000000,0x00000007c2d03518,0x00000007c5500000)
 PSPermGen       total 86528K, used 43042K [0x00000007b0000000, 0x00000007b5480000, 0x00000007c0000000)
  object space 86528K, 49% used [0x00000007b0000000,0x00000007b2a08980,0x00000007b5480000)
}
Event: 107.517 GC heap before
{Heap before GC invocations=12 (full 1):
 PSYoungGen      total 325120K, used 300032K [0x00000007eaa80000, 0x0000000800000000, 0x0000000800000000)
  eden space 300032K, 100% used [0x00000007eaa80000,0x00000007fcf80000,0x00000007fcf80000)
  from space 25088K, 0% used [0x00000007fe780000,0x00000007fe780000,0x0000000800000000)
  to   space 24576K, 0% used [0x00000007fcf80000,0x00000007fcf80000,0x00000007fe780000)
 ParOldGen       total 87040K, used 46093K [0x00000007c0000000, 0x00000007c5500000, 0x00000007eaa80000)
  object space 87040K, 52% used [0x00000007c0000000,0x00000007c2d03518,0x00000007c5500000)
 PSPermGen       total 86528K, used 51182K [0x00000007b0000000, 0x00000007b5480000, 0x00000007c0000000)
  object space 86528K, 59% used [0x00000007b0000000,0x00000007b31fba38,0x00000007b5480000)
Event: 107.562 GC heap after
Heap after GC invocations=12 (full 1):
 PSYoungGen      total 321024K, used 20773K [0x00000007eaa80000, 0x0000000800000000, 0x0000000800000000)
  eden space 300032K, 0% used [0x00000007eaa80000,0x00000007eaa80000,0x00000007fcf80000)
  from space 20992K, 98% used [0x00000007fcf80000,0x00000007fe3c97a8,0x00000007fe400000)
  to   space 26624K, 0% used [0x00000007fe600000,0x00000007fe600000,0x0000000800000000)
 ParOldGen       total 87040K, used 46093K [0x00000007c0000000, 0x00000007c5500000, 0x00000007eaa80000)
  object space 87040K, 52% used [0x00000007c0000000,0x00000007c2d03518,0x00000007c5500000)
 PSPermGen       total 86528K, used 51182K [0x00000007b0000000, 0x00000007b5480000, 0x00000007c0000000)
  object space 86528K, 59% used [0x00000007b0000000,0x00000007b31fba38,0x00000007b5480000)
}
Event: 111.499 GC heap before
{Heap before GC invocations=13 (full 1):
 PSYoungGen      total 321024K, used 320805K [0x00000007eaa80000, 0x0000000800000000, 0x0000000800000000)
  eden space 300032K, 100% used [0x00000007eaa80000,0x00000007fcf80000,0x00000007fcf80000)
  from space 20992K, 98% used [0x00000007fcf80000,0x00000007fe3c97a8,0x00000007fe400000)
  to   space 26624K, 0% used [0x00000007fe600000,0x00000007fe600000,0x0000000800000000)
 ParOldGen       total 87040K, used 46093K [0x00000007c0000000, 0x00000007c5500000, 0x00000007eaa80000)
  object space 87040K, 52% used [0x00000007c0000000,0x00000007c2d03518,0x00000007c5500000)
 PSPermGen       total 86528K, used 58783K [0x00000007b0000000, 0x00000007b5480000, 0x00000007c0000000)
  object space 86528K, 67% used [0x00000007b0000000,0x00000007b3967eb0,0x00000007b5480000)
Event: 111.561 GC heap after
Heap after GC invocations=13 (full 1):
 PSYoungGen      total 302592K, used 26621K [0x00000007eaa80000, 0x0000000800000000, 0x0000000800000000)
  eden space 275968K, 0% used [0x00000007eaa80000,0x00000007eaa80000,0x00000007fb800000)
  from space 26624K, 99% used [0x00000007fe600000,0x00000007fffff4c8,0x0000000800000000)
  to   space 36864K, 0% used [0x00000007fb800000,0x00000007fb800000,0x00000007fdc00000)
 ParOldGen       total 87040K, used 62035K [0x00000007c0000000, 0x00000007c5500000, 0x00000007eaa80000)
  object space 87040K, 71% used [0x00000007c0000000,0x00000007c3c94d78,0x00000007c5500000)
 PSPermGen       total 86528K, used 58783K [0x00000007b0000000, 0x00000007b5480000, 0x00000007c0000000)
  object space 86528K, 67% used [0x00000007b0000000,0x00000007b3967eb0,0x00000007b5480000)
}

Deoptimization events (10 events):
Event: 112.774 Thread 0x00007f8922ab7800 Uncommon trap: reason=class_check action=maybe_recompile pc=0x0000000107ff4534 method=java.util.Formatter.format(Ljava/util/Locale;Ljava/lang/String;[Ljava/lang/Object;)Ljava/util/Formatter; @ 76
Event: 112.774 Thread 0x00007f8922ab7800 Uncommon trap: reason=class_check action=maybe_recompile pc=0x0000000107ff4534 method=java.util.Formatter.format(Ljava/util/Locale;Ljava/lang/String;[Ljava/lang/Object;)Ljava/util/Formatter; @ 76
Event: 112.774 Thread 0x00007f8922ab7800 Uncommon trap: reason=class_check action=maybe_recompile pc=0x0000000107ff4534 method=java.util.Formatter.format(Ljava/util/Locale;Ljava/lang/String;[Ljava/lang/Object;)Ljava/util/Formatter; @ 76
Event: 112.775 Thread 0x00007f8922ab7800 Uncommon trap: reason=class_check action=maybe_recompile pc=0x0000000107ff4534 method=java.util.Formatter.format(Ljava/util/Locale;Ljava/lang/String;[Ljava/lang/Object;)Ljava/util/Formatter; @ 76
Event: 112.817 Thread 0x00007f8922ab7800 Uncommon trap: reason=bimorphic action=maybe_recompile pc=0x0000000107ccd818 method=org.codehaus.groovy.runtime.metaclass.MetaMethodIndex.addMethodToList(Ljava/lang/Object;Lgroovy/lang/MetaMethod;)Ljava/lang/Object; @ 91
Event: 112.817 Thread 0x00007f8922ab7800 Uncommon trap: reason=unreached action=reinterpret pc=0x0000000107d7ce18 method=org.codehaus.groovy.runtime.metaclass.MetaMethodIndex.isNonRealMethod(Lgroovy/lang/MetaMethod;)Z @ 4
Event: 112.817 Thread 0x00007f8922ab7800 Uncommon trap: reason=unreached action=reinterpret pc=0x0000000107ccd724 method=org.codehaus.groovy.runtime.metaclass.MetaMethodIndex.isNonRealMethod(Lgroovy/lang/MetaMethod;)Z @ 4
Event: 112.818 Thread 0x00007f8922ab7800 Uncommon trap: reason=unreached action=reinterpret pc=0x0000000107f06890 method=java.beans.Introspector.processPropertyDescriptors()V @ 524
Event: 998.365 Thread 0x00007f892261f800 Uncommon trap: reason=bimorphic action=maybe_recompile pc=0x000000010803844c method=org.gradle.internal.service.DefaultServiceRegistry$SingletonService.prepare(Lorg/gradle/internal/service/DefaultServiceRegistry$LookupContext;)Lorg/gradle/internal/service
Event: 998.366 Thread 0x00007f892261f800 Uncommon trap: reason=bimorphic action=maybe_recompile pc=0x000000010803844c method=org.gradle.internal.service.DefaultServiceRegistry$SingletonService.prepare(Lorg/gradle/internal/service/DefaultServiceRegistry$LookupContext;)Lorg/gradle/internal/service

Internal exceptions (10 events):
Event: 998.523 Thread 0x00007f892261f800 Threw 0x00000007f320a6d0 at /HUDSON/workspace/7u-2-build-macosx-x86_64/jdk7u71/1605/hotspot/src/share/vm/prims/jni.cpp:1632
Event: 998.523 Thread 0x00007f892261f800 Threw 0x00000007f320ce70 at /HUDSON/workspace/7u-2-build-macosx-x86_64/jdk7u71/1605/hotspot/src/share/vm/prims/jvm.cpp:1281
Event: 998.524 Thread 0x00007f892261f800 Threw 0x00000007f3216a98 at /HUDSON/workspace/7u-2-build-macosx-x86_64/jdk7u71/1605/hotspot/src/share/vm/prims/jni.cpp:1632
Event: 998.524 Thread 0x00007f892261f800 Threw 0x00000007f3219468 at /HUDSON/workspace/7u-2-build-macosx-x86_64/jdk7u71/1605/hotspot/src/share/vm/prims/jvm.cpp:1281
Event: 998.524 Thread 0x00007f892261f800 Threw 0x00000007f321c520 at /HUDSON/workspace/7u-2-build-macosx-x86_64/jdk7u71/1605/hotspot/src/share/vm/prims/jvm.cpp:1281
Event: 998.524 Thread 0x00007f892261f800 Threw 0x00000007f321f138 at /HUDSON/workspace/7u-2-build-macosx-x86_64/jdk7u71/1605/hotspot/src/share/vm/prims/jvm.cpp:1281
Event: 998.524 Thread 0x00007f892261f800 Threw 0x00000007f3221c10 at /HUDSON/workspace/7u-2-build-macosx-x86_64/jdk7u71/1605/hotspot/src/share/vm/prims/jvm.cpp:1281
Event: 998.525 Thread 0x00007f892261f800 Threw 0x00000007f3225478 at /HUDSON/workspace/7u-2-build-macosx-x86_64/jdk7u71/1605/hotspot/src/share/vm/prims/jvm.cpp:1281
Event: 998.525 Thread 0x00007f892261f800 Threw 0x00000007f3228868 at /HUDSON/workspace/7u-2-build-macosx-x86_64/jdk7u71/1605/hotspot/src/share/vm/prims/jvm.cpp:1281
Event: 998.525 Thread 0x00007f892261f800 Threw 0x00000007f322c098 at /HUDSON/workspace/7u-2-build-macosx-x86_64/jdk7u71/1605/hotspot/src/share/vm/prims/jvm.cpp:1281

Events (10 events):
Event: 998.526 Executing VM operation: RevokeBias
Event: 998.527 Executing VM operation: RevokeBias done
Event: 998.527 Executing VM operation: RevokeBias
Event: 998.527 Executing VM operation: RevokeBias done
Event: 998.527 Executing VM operation: RevokeBias
Event: 998.527 Executing VM operation: RevokeBias done
Event: 998.527 Executing VM operation: RevokeBias
Event: 998.527 Executing VM operation: RevokeBias done
Event: 998.527 Executing VM operation: BulkRevokeBias
Event: 998.527 Executing VM operation: BulkRevokeBias done


Dynamic libraries:
0x0000000001090000 	/System/Library/Frameworks/Cocoa.framework/Versions/A/Cocoa
0x0000000001090000 	/System/Library/Frameworks/Security.framework/Versions/A/Security
0x0000000001090000 	/System/Library/Frameworks/ApplicationServices.framework/Versions/A/ApplicationServices
0x0000000001090000 	/usr/lib/libz.1.dylib
0x0000000001090000 	/usr/lib/libSystem.B.dylib
0x0000000001090000 	/usr/lib/libobjc.A.dylib
0x0000000001090000 	/System/Library/Frameworks/CoreFoundation.framework/Versions/A/CoreFoundation
0x0000000001090000 	/System/Library/Frameworks/Foundation.framework/Versions/C/Foundation
0x0000000001090000 	/System/Library/Frameworks/AppKit.framework/Versions/C/AppKit
0x0000000001090000 	/System/Library/Frameworks/CoreData.framework/Versions/A/CoreData
0x0000000001090000 	/System/Library/PrivateFrameworks/RemoteViewServices.framework/Versions/A/RemoteViewServices
0x0000000001090000 	/System/Library/PrivateFrameworks/UIFoundation.framework/Versions/A/UIFoundation
0x0000000001090000 	/System/Library/Frameworks/IOSurface.framework/Versions/A/IOSurface
0x0000000001090000 	/System/Library/Frameworks/AudioToolbox.framework/Versions/A/AudioToolbox
0x0000000001090000 	/System/Library/Frameworks/AudioUnit.framework/Versions/A/AudioUnit
0x0000000001090000 	/System/Library/PrivateFrameworks/DataDetectorsCore.framework/Versions/A/DataDetectorsCore
0x0000000001090000 	/System/Library/PrivateFrameworks/DesktopServicesPriv.framework/Versions/A/DesktopServicesPriv
0x0000000001090000 	/System/Library/Frameworks/Carbon.framework/Versions/A/Frameworks/HIToolbox.framework/Versions/A/HIToolbox
0x0000000001090000 	/System/Library/Frameworks/QuartzCore.framework/Versions/A/QuartzCore
0x0000000001090000 	/System/Library/Frameworks/Carbon.framework/Versions/A/Frameworks/SpeechRecognition.framework/Versions/A/SpeechRecognition
0x0000000001090000 	/usr/lib/libauto.dylib
0x0000000001090000 	/usr/lib/libicucore.A.dylib
0x0000000001090000 	/usr/lib/libxml2.2.dylib
0x0000000001090000 	/System/Library/PrivateFrameworks/CoreUI.framework/Versions/A/CoreUI
0x0000000001090000 	/System/Library/Frameworks/CoreAudio.framework/Versions/A/CoreAudio
0x0000000001090000 	/System/Library/Frameworks/DiskArbitration.framework/Versions/A/DiskArbitration
0x0000000001090000 	/usr/lib/liblangid.dylib
0x0000000001090000 	/System/Library/PrivateFrameworks/MultitouchSupport.framework/Versions/A/MultitouchSupport
0x0000000001090000 	/System/Library/Frameworks/IOKit.framework/Versions/A/IOKit
0x0000000001090000 	/usr/lib/libDiagnosticMessagesClient.dylib
0x0000000001090000 	/System/Library/Frameworks/CoreServices.framework/Versions/A/CoreServices
0x0000000001090000 	/System/Library/PrivateFrameworks/PerformanceAnalysis.framework/Versions/A/PerformanceAnalysis
0x0000000001090000 	/System/Library/PrivateFrameworks/GenerationalStorage.framework/Versions/A/GenerationalStorage
0x0000000001090000 	/System/Library/Frameworks/OpenGL.framework/Versions/A/OpenGL
0x0000000001090000 	/System/Library/PrivateFrameworks/Sharing.framework/Versions/A/Sharing
0x0000000001090000 	/System/Library/Frameworks/CoreGraphics.framework/Versions/A/CoreGraphics
0x0000000001090000 	/System/Library/Frameworks/CoreText.framework/Versions/A/CoreText
0x0000000001090000 	/System/Library/Frameworks/ImageIO.framework/Versions/A/ImageIO
0x0000000001090000 	/usr/lib/libextension.dylib
0x0000000001090000 	/System/Library/PrivateFrameworks/Backup.framework/Versions/A/Backup
0x0000000001090000 	/usr/lib/libarchive.2.dylib
0x0000000001090000 	/System/Library/Frameworks/CFNetwork.framework/Versions/A/CFNetwork
0x0000000001090000 	/System/Library/Frameworks/SystemConfiguration.framework/Versions/A/SystemConfiguration
0x0000000001090000 	/usr/lib/libCRFSuite.dylib
0x0000000001090000 	/usr/lib/libc++.1.dylib
0x0000000001090000 	/usr/lib/libc++abi.dylib
0x0000000001090000 	/usr/lib/system/libcache.dylib
0x0000000001090000 	/usr/lib/system/libcommonCrypto.dylib
0x0000000001090000 	/usr/lib/system/libcompiler_rt.dylib
0x0000000001090000 	/usr/lib/system/libcopyfile.dylib
0x0000000001090000 	/usr/lib/system/libcorecrypto.dylib
0x0000000001090000 	/usr/lib/system/libdispatch.dylib
0x0000000001090000 	/usr/lib/system/libdyld.dylib
0x0000000001090000 	/usr/lib/system/libkeymgr.dylib
0x0000000001090000 	/usr/lib/system/liblaunch.dylib
0x0000000001090000 	/usr/lib/system/libmacho.dylib
0x0000000001090000 	/usr/lib/system/libquarantine.dylib
0x0000000001090000 	/usr/lib/system/libremovefile.dylib
0x0000000001090000 	/usr/lib/system/libsystem_asl.dylib
0x0000000001090000 	/usr/lib/system/libsystem_blocks.dylib
0x0000000001090000 	/usr/lib/system/libsystem_c.dylib
0x0000000001090000 	/usr/lib/system/libsystem_configuration.dylib
0x0000000001090000 	/usr/lib/system/libsystem_coreservices.dylib
0x0000000001090000 	/usr/lib/system/libsystem_coretls.dylib
0x0000000001090000 	/usr/lib/system/libsystem_dnssd.dylib
0x0000000001090000 	/usr/lib/system/libsystem_info.dylib
0x0000000001090000 	/usr/lib/system/libsystem_kernel.dylib
0x0000000001090000 	/usr/lib/system/libsystem_m.dylib
0x0000000001090000 	/usr/lib/system/libsystem_malloc.dylib
0x0000000001090000 	/usr/lib/system/libsystem_network.dylib
0x0000000001090000 	/usr/lib/system/libsystem_networkextension.dylib
0x0000000001090000 	/usr/lib/system/libsystem_notify.dylib
0x0000000001090000 	/usr/lib/system/libsystem_platform.dylib
0x0000000001090000 	/usr/lib/system/libsystem_pthread.dylib
0x0000000001090000 	/usr/lib/system/libsystem_sandbox.dylib
0x0000000001090000 	/usr/lib/system/libsystem_secinit.dylib
0x0000000001090000 	/usr/lib/system/libsystem_stats.dylib
0x0000000001090000 	/usr/lib/system/libsystem_trace.dylib
0x0000000001090000 	/usr/lib/system/libunc.dylib
0x0000000001090000 	/usr/lib/system/libunwind.dylib
0x0000000001090000 	/usr/lib/system/libxpc.dylib
0x0000000001090000 	/usr/lib/libbz2.1.0.dylib
0x0000000001090000 	/usr/lib/liblzma.5.dylib
0x0000000001090000 	/usr/lib/libbsm.0.dylib
0x0000000001090000 	/usr/lib/libsqlite3.dylib
0x0000000001090000 	/usr/lib/system/libkxld.dylib
0x0000000001090000 	/usr/lib/libxar.1.dylib
0x0000000001090000 	/usr/lib/libpam.2.dylib
0x0000000001090000 	/usr/lib/libOpenScriptingUtil.dylib
0x0000000001090000 	/System/Library/Frameworks/CoreServices.framework/Versions/A/Frameworks/FSEvents.framework/Versions/A/FSEvents
0x0000000001090000 	/System/Library/Frameworks/CoreServices.framework/Versions/A/Frameworks/CarbonCore.framework/Versions/A/CarbonCore
0x0000000001090000 	/System/Library/Frameworks/CoreServices.framework/Versions/A/Frameworks/Metadata.framework/Versions/A/Metadata
0x0000000001090000 	/System/Library/Frameworks/CoreServices.framework/Versions/A/Frameworks/OSServices.framework/Versions/A/OSServices
0x0000000001090000 	/System/Library/Frameworks/CoreServices.framework/Versions/A/Frameworks/SearchKit.framework/Versions/A/SearchKit
0x0000000001090000 	/System/Library/Frameworks/CoreServices.framework/Versions/A/Frameworks/AE.framework/Versions/A/AE
0x0000000001090000 	/System/Library/Frameworks/CoreServices.framework/Versions/A/Frameworks/LaunchServices.framework/Versions/A/LaunchServices
0x0000000001090000 	/System/Library/Frameworks/CoreServices.framework/Versions/A/Frameworks/DictionaryServices.framework/Versions/A/DictionaryServices
0x0000000001090000 	/System/Library/Frameworks/NetFS.framework/Versions/A/NetFS
0x0000000001090000 	/System/Library/PrivateFrameworks/NetAuth.framework/Versions/A/NetAuth
0x0000000001090000 	/System/Library/PrivateFrameworks/login.framework/Versions/A/Frameworks/loginsupport.framework/Versions/A/loginsupport
0x0000000001090000 	/System/Library/PrivateFrameworks/TCC.framework/Versions/A/TCC
0x0000000001090000 	/usr/lib/libmecabra.dylib
0x0000000001090000 	/System/Library/Frameworks/ApplicationServices.framework/Versions/A/Frameworks/ATS.framework/Versions/A/ATS
0x0000000001090000 	/System/Library/Frameworks/ApplicationServices.framework/Versions/A/Frameworks/ColorSync.framework/Versions/A/ColorSync
0x0000000001090000 	/System/Library/Frameworks/ApplicationServices.framework/Versions/A/Frameworks/HIServices.framework/Versions/A/HIServices
0x0000000001090000 	/System/Library/Frameworks/ApplicationServices.framework/Versions/A/Frameworks/LangAnalysis.framework/Versions/A/LangAnalysis
0x0000000001090000 	/System/Library/Frameworks/ApplicationServices.framework/Versions/A/Frameworks/PrintCore.framework/Versions/A/PrintCore
0x0000000001090000 	/System/Library/Frameworks/ApplicationServices.framework/Versions/A/Frameworks/QD.framework/Versions/A/QD
0x0000000001090000 	/System/Library/Frameworks/ApplicationServices.framework/Versions/A/Frameworks/SpeechSynthesis.framework/Versions/A/SpeechSynthesis
0x0000000001090000 	/System/Library/Frameworks/Accelerate.framework/Versions/A/Accelerate
0x0000000001090000 	/System/Library/Frameworks/Accelerate.framework/Versions/A/Frameworks/vImage.framework/Versions/A/vImage
0x0000000001090000 	/System/Library/Frameworks/Accelerate.framework/Versions/A/Frameworks/vecLib.framework/Versions/A/vecLib
0x0000000001090000 	/System/Library/Frameworks/Accelerate.framework/Versions/A/Frameworks/vecLib.framework/Versions/A/libvDSP.dylib
0x0000000001090000 	/System/Library/Frameworks/Accelerate.framework/Versions/A/Frameworks/vecLib.framework/Versions/A/libvMisc.dylib
0x0000000001090000 	/System/Library/Frameworks/Accelerate.framework/Versions/A/Frameworks/vecLib.framework/Versions/A/libLAPACK.dylib
0x0000000001090000 	/System/Library/Frameworks/Accelerate.framework/Versions/A/Frameworks/vecLib.framework/Versions/A/libBLAS.dylib
0x0000000001090000 	/System/Library/Frameworks/Accelerate.framework/Versions/A/Frameworks/vecLib.framework/Versions/A/libLinearAlgebra.dylib
0x0000000001090000 	/System/Library/Frameworks/ApplicationServices.framework/Versions/A/Frameworks/ATS.framework/Versions/A/Resources/libFontParser.dylib
0x0000000001090000 	/System/Library/Frameworks/ApplicationServices.framework/Versions/A/Frameworks/ATS.framework/Versions/A/Resources/libFontRegistry.dylib
0x0000000001090000 	/System/Library/PrivateFrameworks/AppleVPA.framework/Versions/A/AppleVPA
0x0000000001090000 	/System/Library/PrivateFrameworks/AppleJPEG.framework/Versions/A/AppleJPEG
0x0000000001090000 	/System/Library/Frameworks/ImageIO.framework/Versions/A/Resources/libJPEG.dylib
0x0000000001090000 	/System/Library/Frameworks/ImageIO.framework/Versions/A/Resources/libTIFF.dylib
0x0000000001090000 	/System/Library/Frameworks/ImageIO.framework/Versions/A/Resources/libPng.dylib
0x0000000001090000 	/System/Library/Frameworks/ImageIO.framework/Versions/A/Resources/libGIF.dylib
0x0000000001090000 	/System/Library/Frameworks/ImageIO.framework/Versions/A/Resources/libJP2.dylib
0x0000000001090000 	/System/Library/Frameworks/ImageIO.framework/Versions/A/Resources/libRadiance.dylib
0x0000000001090000 	/System/Library/Frameworks/CoreVideo.framework/Versions/A/CoreVideo
0x0000000001090000 	/System/Library/Frameworks/OpenGL.framework/Versions/A/Libraries/libGLU.dylib
0x0000000001090000 	/System/Library/Frameworks/OpenGL.framework/Versions/A/Libraries/libGFXShared.dylib
0x0000000001090000 	/System/Library/Frameworks/OpenGL.framework/Versions/A/Libraries/libGL.dylib
0x0000000001090000 	/System/Library/Frameworks/OpenGL.framework/Versions/A/Libraries/libGLImage.dylib
0x0000000001090000 	/System/Library/Frameworks/OpenGL.framework/Versions/A/Libraries/libCVMSPluginSupport.dylib
0x0000000001090000 	/System/Library/Frameworks/OpenGL.framework/Versions/A/Libraries/libCoreVMClient.dylib
0x0000000001090000 	/usr/lib/libcups.2.dylib
0x0000000001090000 	/System/Library/Frameworks/Kerberos.framework/Versions/A/Kerberos
0x0000000001090000 	/System/Library/Frameworks/GSS.framework/Versions/A/GSS
0x0000000001090000 	/usr/lib/libresolv.9.dylib
0x0000000001090000 	/usr/lib/libiconv.2.dylib
0x0000000001090000 	/System/Library/PrivateFrameworks/Heimdal.framework/Versions/A/Heimdal
0x0000000001090000 	/usr/lib/libheimdal-asn1.dylib
0x0000000001090000 	/System/Library/Frameworks/OpenDirectory.framework/Versions/A/OpenDirectory
0x0000000001090000 	/System/Library/PrivateFrameworks/CommonAuth.framework/Versions/A/CommonAuth
0x0000000001090000 	/System/Library/Frameworks/OpenDirectory.framework/Versions/A/Frameworks/CFOpenDirectory.framework/Versions/A/CFOpenDirectory
0x0000000001090000 	/System/Library/Frameworks/SecurityFoundation.framework/Versions/A/SecurityFoundation
0x0000000001090000 	/System/Library/PrivateFrameworks/LanguageModeling.framework/Versions/A/LanguageModeling
0x0000000001090000 	/usr/lib/libcmph.dylib
0x0000000001090000 	/System/Library/Frameworks/ServiceManagement.framework/Versions/A/ServiceManagement
0x0000000001090000 	/usr/lib/libxslt.1.dylib
0x0000000001090000 	/System/Library/Frameworks/Carbon.framework/Versions/A/Frameworks/Ink.framework/Versions/A/Ink
0x0000000001090000 	/System/Library/Frameworks/QuartzCore.framework/Versions/A/Frameworks/CoreImage.framework/Versions/A/CoreImage
0x0000000001090000 	/System/Library/PrivateFrameworks/CrashReporterSupport.framework/Versions/A/CrashReporterSupport
0x0000000001090000 	/System/Library/Frameworks/OpenCL.framework/Versions/A/OpenCL
0x0000000001090000 	/System/Library/PrivateFrameworks/FaceCore.framework/Versions/A/FaceCore
0x0000000001090000 	/System/Library/PrivateFrameworks/Ubiquity.framework/Versions/A/Ubiquity
0x0000000001090000 	/System/Library/PrivateFrameworks/IconServices.framework/Versions/A/IconServices
0x0000000001090000 	/System/Library/PrivateFrameworks/ChunkingLibrary.framework/Versions/A/ChunkingLibrary
0x0000000001090000 	/System/Library/PrivateFrameworks/Apple80211.framework/Versions/A/Apple80211
0x0000000001090000 	/System/Library/Frameworks/CoreWLAN.framework/Versions/A/CoreWLAN
0x0000000001090000 	/System/Library/Frameworks/IOBluetooth.framework/Versions/A/IOBluetooth
0x0000000001090000 	/System/Library/PrivateFrameworks/CoreWiFi.framework/Versions/A/CoreWiFi
0x0000000001090000 	/System/Library/Frameworks/CoreBluetooth.framework/Versions/A/CoreBluetooth
0x0000000001090000 	/System/Library/PrivateFrameworks/DebugSymbols.framework/Versions/A/DebugSymbols
0x0000000001090000 	/System/Library/PrivateFrameworks/CoreSymbolication.framework/Versions/A/CoreSymbolication
0x0000000001090000 	/System/Library/PrivateFrameworks/Symbolication.framework/Versions/A/Symbolication
0x0000000001090000 	/System/Library/PrivateFrameworks/SpeechRecognitionCore.framework/Versions/A/SpeechRecognitionCore
0x0000000106597000 	/System/Library/CoreServices/Encodings/libSimplifiedChineseConverter.dylib
0x0000000107000000 	/Library/Java/JavaVirtualMachines/jdk1.7.0_71.jdk/Contents/Home/jre/lib/server/libjvm.dylib
0x0000000001090000 	/usr/lib/libstdc++.6.dylib
0x0000000106777000 	/Library/Java/JavaVirtualMachines/jdk1.7.0_71.jdk/Contents/Home/jre/lib/libverify.dylib
0x0000000106784000 	/Library/Java/JavaVirtualMachines/jdk1.7.0_71.jdk/Contents/Home/jre/lib/libjava.dylib
0x00000001067be000 	/Library/Java/JavaVirtualMachines/jdk1.7.0_71.jdk/Contents/Home/jre/lib/libzip.dylib
0x00000001067e1000 	/System/Library/Frameworks/JavaVM.framework/Frameworks/JavaRuntimeSupport.framework/JavaRuntimeSupport
0x000000010f3c4000 	/System/Library/Frameworks/JavaVM.framework/Versions/A/Frameworks/JavaNativeFoundation.framework/Versions/A/JavaNativeFoundation
0x000000010f3d8000 	/System/Library/Frameworks/JavaVM.framework/Versions/A/JavaVM
0x0000000001090000 	/System/Library/Frameworks/Carbon.framework/Versions/A/Carbon
0x000000010f3e4000 	/System/Library/PrivateFrameworks/JavaLaunching.framework/Versions/A/JavaLaunching
0x0000000001090000 	/System/Library/Frameworks/Carbon.framework/Versions/A/Frameworks/CommonPanels.framework/Versions/A/CommonPanels
0x0000000001090000 	/System/Library/Frameworks/Carbon.framework/Versions/A/Frameworks/Help.framework/Versions/A/Help
0x0000000001090000 	/System/Library/Frameworks/Carbon.framework/Versions/A/Frameworks/ImageCapture.framework/Versions/A/ImageCapture
0x0000000001090000 	/System/Library/Frameworks/Carbon.framework/Versions/A/Frameworks/OpenScripting.framework/Versions/A/OpenScripting
0x0000000001090000 	/System/Library/Frameworks/Carbon.framework/Versions/A/Frameworks/Print.framework/Versions/A/Print
0x0000000001090000 	/System/Library/Frameworks/Carbon.framework/Versions/A/Frameworks/SecurityHI.framework/Versions/A/SecurityHI
0x0000000111582000 	/Library/Java/JavaVirtualMachines/jdk1.7.0_71.jdk/Contents/Home/jre/lib/libnet.dylib
0x0000000111598000 	/Library/Java/JavaVirtualMachines/jdk1.7.0_71.jdk/Contents/Home/jre/lib/libnio.dylib
0x00000001119a4000 	/private/var/folders/kx/76tlmbd12078y11n45dtr14r0000gn/T/native-platform2792629475333819162dir/libnative-platform.dylib
0x000000010f4cf000 	/Library/Java/JavaVirtualMachines/jdk1.7.0_71.jdk/Contents/Home/jre/lib/libsunec.dylib

VM Arguments:
jvm_args: -XX:MaxPermSize=256m -XX:+HeapDumpOnOutOfMemoryError -Xmx1024m -Dfile.encoding=UTF-8 -Duser.country=CN -Duser.language=zh -Duser.variant 
java_command: org.gradle.launcher.daemon.bootstrap.GradleDaemon 2.2.1 /Users/liwei/.gradle/daemon 10800000 e283490d-8a9c-4851-b928-555346d12180 -XX:MaxPermSize=256m -XX:+HeapDumpOnOutOfMemoryError -Xmx1024m -Dfile.encoding=UTF-8 -Duser.country=CN -Duser.language=zh -Duser.variant
Launcher Type: SUN_STANDARD

Environment Variables:
PATH=/usr/bin:/bin:/usr/sbin:/sbin
SHELL=/bin/bash

Signal Handlers:
SIGSEGV: [libjvm.dylib+0x52c49d], sa_mask[0]=0xfffefeff, sa_flags=0x00000043
SIGBUS: [libjvm.dylib+0x52c49d], sa_mask[0]=0xfffefeff, sa_flags=0x00000042
SIGFPE: [libjvm.dylib+0x41e53a], sa_mask[0]=0xfffefeff, sa_flags=0x00000042
SIGPIPE: [libjvm.dylib+0x41e53a], sa_mask[0]=0xfffefeff, sa_flags=0x00000042
SIGXFSZ: [libjvm.dylib+0x41e53a], sa_mask[0]=0xfffefeff, sa_flags=0x00000042
SIGILL: [libjvm.dylib+0x41e53a], sa_mask[0]=0xfffefeff, sa_flags=0x00000042
SIGUSR1: SIG_DFL, sa_mask[0]=0x00000000, sa_flags=0x00000000
SIGUSR2: [libjvm.dylib+0x41e02c], sa_mask[0]=0x00000004, sa_flags=0x00000042
SIGHUP: [libjvm.dylib+0x41c2bd], sa_mask[0]=0xfffefeff, sa_flags=0x00000042
SIGINT: [libjvm.dylib+0x41c2bd], sa_mask[0]=0xfffefeff, sa_flags=0x00000042
SIGTERM: [libjvm.dylib+0x41c2bd], sa_mask[0]=0xfffefeff, sa_flags=0x00000042
SIGQUIT: [libjvm.dylib+0x41c2bd], sa_mask[0]=0xfffefeff, sa_flags=0x00000042


---------------  S Y S T E M  ---------------

OS:Bsduname:Darwin 14.4.0 Darwin Kernel Version 14.4.0: Thu May 28 11:35:04 PDT 2015; root:xnu-2782.30.5~1/RELEASE_X86_64 x86_64
rlimit: STACK 8192k, CORE 0k, NPROC 709, NOFILE 10240, AS infinity
load average:1.94 1.76 1.94

CPU:total 4 (2 cores per cpu, 2 threads per core) family 6 model 69 stepping 1, cmov, cx8, fxsr, mmx, sse, sse2, sse3, ssse3, sse4.1, sse4.2, popcnt, avx, avx2, aes, erms, ht, tsc, tscinvbit

Memory: 4k page, physical 8388608k(2097152k free)

/proc/meminfo:


vm_info: Java HotSpot(TM) 64-Bit Server VM (24.71-b01) for bsd-amd64 JRE (1.7.0_71-b14), built on Sep 26 2014 16:11:44 by "java_re" with gcc 4.2.1 (Based on Apple Inc. build 5658) (LLVM build 2336.11.00)

time: Tue Jul 21 16:51:48 2015
elapsed time: 998 seconds

